c:\users\njohn\documents\hw3\starter\vs2017\x64\release\vc142.pdb
c:\users\njohn\documents\hw3\starter\vs2017\x64\release\openglhelper.obj
c:\users\njohn\documents\hw3\starter\vs2017\x64\release\objmeshrender.obj
c:\users\njohn\documents\hw3\starter\vs2017\x64\release\objmesh.obj
c:\users\njohn\documents\hw3\starter\vs2017\x64\release\matrixio.obj
c:\users\njohn\documents\hw3\starter\vs2017\x64\release\mat4d.obj
c:\users\njohn\documents\hw3\starter\vs2017\x64\release\mat3d.obj
c:\users\njohn\documents\hw3\starter\vs2017\x64\release\listio.obj
c:\users\njohn\documents\hw3\starter\vs2017\x64\release\lighting.obj
c:\users\njohn\documents\hw3\starter\vs2017\x64\release\inputdevice.obj
c:\users\njohn\documents\hw3\starter\vs2017\x64\release\handlerender.obj
c:\users\njohn\documents\hw3\starter\vs2017\x64\release\handlecontrol.obj
c:\users\njohn\documents\hw3\starter\vs2017\x64\release\configfile.obj
c:\users\njohn\documents\hw3\starter\vs2017\x64\release\cameralighting.obj
c:\users\njohn\documents\hw3\starter\vs2017\x64\release\camera.obj
c:\users\njohn\documents\hw3\starter\vs2017\x64\release\averagingbuffer.obj
c:\users\njohn\documents\hw3\starter\vs2017\x64\release\skinning.obj
c:\users\njohn\documents\hw3\starter\vs2017\x64\release\skeletonrenderer.obj
c:\users\njohn\documents\hw3\starter\vs2017\x64\release\ik.obj
c:\users\njohn\documents\hw3\starter\vs2017\x64\release\fk.obj
c:\users\njohn\documents\hw3\starter\vs2017\x64\release\driver.obj
c:\users\njohn\documents\hw3\starter\vs2017\x64\release\vec3d.obj
c:\users\njohn\documents\hw3\starter\vs2017\x64\release\sceneobjectwithrestposition.obj
c:\users\njohn\documents\hw3\starter\vs2017\x64\release\sceneobjectdeformable.obj
c:\users\njohn\documents\hw3\starter\vs2017\x64\release\sceneobject.obj
c:\users\njohn\documents\hw3\starter\vs2017\x64\release\ik.ipdb
c:\users\njohn\documents\hw3\starter\vs2017\x64\release\ik.iobj
c:\users\njohn\documents\hw3\starter\vs2017\x64\release\ik.exe
c:\users\njohn\documents\hw3\starter\vs2017\x64\release\ik.pdb
c:\users\njohn\documents\hw3\starter\vs2017\x64\release\ik.tlog\cl.command.1.tlog
c:\users\njohn\documents\hw3\starter\vs2017\x64\release\ik.tlog\cl.read.1.tlog
c:\users\njohn\documents\hw3\starter\vs2017\x64\release\ik.tlog\cl.write.1.tlog
c:\users\njohn\documents\hw3\starter\vs2017\x64\release\ik.tlog\ik.write.1u.tlog
c:\users\njohn\documents\hw3\starter\vs2017\x64\release\ik.tlog\link.command.1.tlog
c:\users\njohn\documents\hw3\starter\vs2017\x64\release\ik.tlog\link.delete.1.tlog
c:\users\njohn\documents\hw3\starter\vs2017\x64\release\ik.tlog\link.read.1.tlog
c:\users\njohn\documents\hw3\starter\vs2017\x64\release\ik.tlog\link.write.1.tlog
